# JRE version: OpenJDK Runtime Environment (21.0.5) (build 21.0.5+-13047016-b750.29)
# Java VM: OpenJDK 64-Bit Server VM (21.0.5+-13047016-b750.29, mixed mode, tiered, compressed oops, compressed class ptrs, g1 gc, windows-amd64)
GC Precious Log:
 CardTable entry size: 512
 Card Set container configuration: InlinePtr #cards 5 size 8 Array Of Cards #cards 12 size 40 Howl #buckets 4 coarsen threshold 1843 Howl Bitmap #cards 512 size 80 coarsen threshold 460 Card regions per heap region 1 cards per card region 2048
 CPUs: 12 total, 12 available
 Memory: 6005M
 Large Page Support: Disabled
 NUMA Support: Disabled
 Compressed Oops: Enabled (32-bit)
 Heap Region Size: 1M
 Heap Min Capacity: 8M
 Heap Initial Capacity: 94M
 Heap Max Capacity: 2G
 Pre-touch: Disabled
 Parallel Workers: 10
 Concurrent Workers: 3
 Concurrent Refinement Workers: 10
 Periodic GC: Disabled
Heap:
 garbage-first heap   total 225280K, used 143676K [0x0000000080000000, 0x0000000100000000)
  region size 1024K, 26 young (26624K), 10 survivors (10240K)
 Metaspace       used 113294K, committed 115520K, reserved 1179648K
  class space    used 15216K, committed 16320K, reserved 1048576K
GC Heap History (20 events):
Event: 23.277 GC heap before
{Heap before GC invocations=30 (full 0):
 garbage-first heap   total 146432K, used 132719K [0x0000000080000000, 0x0000000100000000)
  region size 1024K, 60 young (61440K), 3 survivors (3072K)
 Metaspace       used 95353K, committed 97344K, reserved 1179648K
  class space    used 12950K, committed 13952K, reserved 1048576K
}
Event: 23.285 GC heap after
{Heap after GC invocations=31 (full 0):
 garbage-first heap   total 146432K, used 77505K [0x0000000080000000, 0x0000000100000000)
  region size 1024K, 6 young (6144K), 6 survivors (6144K)
 Metaspace       used 95353K, committed 97344K, reserved 1179648K
  class space    used 12950K, committed 13952K, reserved 1048576K
}
Event: 24.509 GC heap before
{Heap before GC invocations=32 (full 0):
 garbage-first heap   total 146432K, used 131777K [0x0000000080000000, 0x0000000100000000)
  region size 1024K, 59 young (60416K), 6 survivors (6144K)
 Metaspace       used 100271K, committed 102336K, reserved 1179648K
  class space    used 13707K, committed 14720K, reserved 1048576K
}
Event: 24.520 GC heap after
{Heap after GC invocations=33 (full 0):
 garbage-first heap   total 146432K, used 80315K [0x0000000080000000, 0x0000000100000000)
  region size 1024K, 6 young (6144K), 6 survivors (6144K)
 Metaspace       used 100271K, committed 102336K, reserved 1179648K
  class space    used 13707K, committed 14720K, reserved 1048576K
}
Event: 25.469 GC heap before
{Heap before GC invocations=33 (full 0):
 garbage-first heap   total 146432K, used 135611K [0x0000000080000000, 0x0000000100000000)
  region size 1024K, 56 young (57344K), 6 survivors (6144K)
 Metaspace       used 104104K, committed 106240K, reserved 1179648K
  class space    used 14047K, committed 15104K, reserved 1048576K
}
Event: 25.481 GC heap after
{Heap after GC invocations=34 (full 0):
 garbage-first heap   total 150528K, used 85173K [0x0000000080000000, 0x0000000100000000)
  region size 1024K, 7 young (7168K), 7 survivors (7168K)
 Metaspace       used 104104K, committed 106240K, reserved 1179648K
  class space    used 14047K, committed 15104K, reserved 1048576K
}
Event: 26.418 GC heap before
{Heap before GC invocations=34 (full 0):
 garbage-first heap   total 150528K, used 133301K [0x0000000080000000, 0x0000000100000000)
  region size 1024K, 55 young (56320K), 7 survivors (7168K)
 Metaspace       used 106547K, committed 108672K, reserved 1179648K
  class space    used 14429K, committed 15488K, reserved 1048576K
}
Event: 26.428 GC heap after
{Heap after GC invocations=35 (full 0):
 garbage-first heap   total 150528K, used 91730K [0x0000000080000000, 0x0000000100000000)
  region size 1024K, 6 young (6144K), 6 survivors (6144K)
 Metaspace       used 106547K, committed 108672K, reserved 1179648K
  class space    used 14429K, committed 15488K, reserved 1048576K
}
Event: 27.456 GC heap before
{Heap before GC invocations=36 (full 0):
 garbage-first heap   total 153600K, used 136786K [0x0000000080000000, 0x0000000100000000)
  region size 1024K, 49 young (50176K), 6 survivors (6144K)
 Metaspace       used 108503K, committed 110720K, reserved 1179648K
  class space    used 14692K, committed 15744K, reserved 1048576K
}
Event: 27.467 GC heap after
{Heap after GC invocations=37 (full 0):
 garbage-first heap   total 153600K, used 100352K [0x0000000080000000, 0x0000000100000000)
  region size 1024K, 7 young (7168K), 7 survivors (7168K)
 Metaspace       used 108503K, committed 110720K, reserved 1179648K
  class space    used 14692K, committed 15744K, reserved 1048576K
}
Event: 28.376 GC heap before
{Heap before GC invocations=37 (full 0):
 garbage-first heap   total 153600K, used 137216K [0x0000000080000000, 0x0000000100000000)
  region size 1024K, 43 young (44032K), 7 survivors (7168K)
 Metaspace       used 109184K, committed 111360K, reserved 1179648K
  class space    used 14747K, committed 15808K, reserved 1048576K
}
Event: 28.394 GC heap after
{Heap after GC invocations=38 (full 0):
 garbage-first heap   total 164864K, used 116996K [0x0000000080000000, 0x0000000100000000)
  region size 1024K, 6 young (6144K), 6 survivors (6144K)
 Metaspace       used 109184K, committed 111360K, reserved 1179648K
  class space    used 14747K, committed 15808K, reserved 1048576K
}
Event: 28.411 GC heap before
{Heap before GC invocations=38 (full 0):
 garbage-first heap   total 164864K, used 116996K [0x0000000080000000, 0x0000000100000000)
  region size 1024K, 8 young (8192K), 6 survivors (6144K)
 Metaspace       used 109192K, committed 111360K, reserved 1179648K
  class space    used 14747K, committed 15808K, reserved 1048576K
}
Event: 28.418 GC heap after
{Heap after GC invocations=39 (full 0):
 garbage-first heap   total 198656K, used 119662K [0x0000000080000000, 0x0000000100000000)
  region size 1024K, 1 young (1024K), 1 survivors (1024K)
 Metaspace       used 109192K, committed 111360K, reserved 1179648K
  class space    used 14747K, committed 15808K, reserved 1048576K
}
Event: 28.429 GC heap before
{Heap before GC invocations=39 (full 0):
 garbage-first heap   total 198656K, used 120686K [0x0000000080000000, 0x0000000100000000)
  region size 1024K, 2 young (2048K), 1 survivors (1024K)
 Metaspace       used 109192K, committed 111360K, reserved 1179648K
  class space    used 14747K, committed 15808K, reserved 1048576K
}
Event: 28.431 GC heap after
{Heap after GC invocations=40 (full 0):
 garbage-first heap   total 198656K, used 119933K [0x0000000080000000, 0x0000000100000000)
  region size 1024K, 1 young (1024K), 1 survivors (1024K)
 Metaspace       used 109192K, committed 111360K, reserved 1179648K
  class space    used 14747K, committed 15808K, reserved 1048576K
}
Event: 29.435 GC heap before
{Heap before GC invocations=41 (full 0):
 garbage-first heap   total 225280K, used 189565K [0x0000000080000000, 0x0000000100000000)
  region size 1024K, 56 young (57344K), 1 survivors (1024K)
 Metaspace       used 111910K, committed 114112K, reserved 1179648K
  class space    used 15062K, committed 16192K, reserved 1048576K
}
Event: 29.442 GC heap after
{Heap after GC invocations=42 (full 0):
 garbage-first heap   total 225280K, used 126496K [0x0000000080000000, 0x0000000100000000)
  region size 1024K, 4 young (4096K), 4 survivors (4096K)
 Metaspace       used 111910K, committed 114112K, reserved 1179648K
  class space    used 15062K, committed 16192K, reserved 1048576K
}
Event: 30.113 GC heap before
{Heap before GC invocations=42 (full 0):
 garbage-first heap   total 225280K, used 203296K [0x0000000080000000, 0x0000000100000000)
  region size 1024K, 80 young (81920K), 4 survivors (4096K)
 Metaspace       used 112696K, committed 114880K, reserved 1179648K
  class space    used 15150K, committed 16256K, reserved 1048576K
}
Event: 30.125 GC heap after
{Heap after GC invocations=43 (full 0):
 garbage-first heap   total 225280K, used 129340K [0x0000000080000000, 0x0000000100000000)
  region size 1024K, 10 young (10240K), 10 survivors (10240K)
 Metaspace       used 112696K, committed 114880K, reserved 1179648K
  class space    used 15150K, committed 16256K, reserved 1048576K
}

